# JRE version: OpenJDK Runtime Environment (8.0) (build 1.8.0-25-microsoft-b00)
# Java VM: OpenJDK 64-Bit Server VM (25.71-b00 mixed mode windows-amd64 compressed oops)
Heap:
 PSYoungGen      total 297472K, used 171056K [0x00000000eab00000, 0x00000000ff200000, 0x0000000100000000)
  eden space 264704K, 54% used [0x00000000eab00000,0x00000000f38876e0,0x00000000fad80000)
  from space 32768K, 79% used [0x00000000fcf00000,0x00000000fe884c80,0x00000000fef00000)
  to   space 34304K, 0% used [0x00000000fad80000,0x00000000fad80000,0x00000000fcf00000)
 ParOldGen       total 87552K, used 62934K [0x00000000c0000000, 0x00000000c5580000, 0x00000000eab00000)
  object space 87552K, 71% used [0x00000000c0000000,0x00000000c3d75958,0x00000000c5580000)
 Metaspace       used 13301K, capacity 14278K, committed 14336K, reserved 1060864K
  class space    used 1742K, capacity 1991K, committed 2048K, reserved 1048576K
GC Heap History (10 events):
Event: 1.304 GC heap before
{Heap before GC invocations=4 (full 0):
 PSYoungGen      total 38400K, used 38389K [0x00000000eab00000, 0x00000000ef600000, 0x0000000100000000)
  eden space 33280K, 100% used [0x00000000eab00000,0x00000000ecb80000,0x00000000ecb80000)
  from space 5120K, 99% used [0x00000000ecb80000,0x00000000ed07d798,0x00000000ed080000)
  to   space 5120K, 0% used [0x00000000ef100000,0x00000000ef100000,0x00000000ef600000)
 ParOldGen       total 87552K, used 27259K [0x00000000c0000000, 0x00000000c5580000, 0x00000000eab00000)
  object space 87552K, 31% used [0x00000000c0000000,0x00000000c1a9eec0,0x00000000c5580000)
 Metaspace       used 7180K, capacity 7550K, committed 7680K, reserved 1056768K
  class space    used 858K, capacity 957K, committed 1024K, reserved 1048576K
Event: 1.334 GC heap after
Heap after GC invocations=4 (full 0):
 PSYoungGen      total 71680K, used 5102K [0x00000000eab00000, 0x00000000ef600000, 0x0000000100000000)
  eden space 66560K, 0% used [0x00000000eab00000,0x00000000eab00000,0x00000000eec00000)
  from space 5120K, 99% used [0x00000000ef100000,0x00000000ef5fba80,0x00000000ef600000)
  to   space 5120K, 0% used [0x00000000eec00000,0x00000000eec00000,0x00000000ef100000)
 ParOldGen       total 87552K, used 35984K [0x00000000c0000000, 0x00000000c5580000, 0x00000000eab00000)
  object space 87552K, 41% used [0x00000000c0000000,0x00000000c2324058,0x00000000c5580000)
 Metaspace       used 7180K, capacity 7550K, committed 7680K, reserved 1056768K
  class space    used 858K, capacity 957K, committed 1024K, reserved 1048576K
}
Event: 1.521 GC heap before
{Heap before GC invocations=5 (full 0):
 PSYoungGen      total 71680K, used 71662K [0x00000000eab00000, 0x00000000ef600000, 0x0000000100000000)
  eden space 66560K, 100% used [0x00000000eab00000,0x00000000eec00000,0x00000000eec00000)
  from space 5120K, 99% used [0x00000000ef100000,0x00000000ef5fba80,0x00000000ef600000)
  to   space 5120K, 0% used [0x00000000eec00000,0x00000000eec00000,0x00000000ef100000)
 ParOldGen       total 87552K, used 35984K [0x00000000c0000000, 0x00000000c5580000, 0x00000000eab00000)
  object space 87552K, 41% used [0x00000000c0000000,0x00000000c2324058,0x00000000c5580000)
 Metaspace       used 7261K, capacity 7626K, committed 7936K, reserved 1056768K
  class space    used 858K, capacity 957K, committed 1024K, reserved 1048576K
Event: 1.544 GC heap after
Heap after GC invocations=5 (full 0):
 PSYoungGen      total 71680K, used 5088K [0x00000000eab00000, 0x00000000f5d00000, 0x0000000100000000)
  eden space 66560K, 0% used [0x00000000eab00000,0x00000000eab00000,0x00000000eec00000)
  from space 5120K, 99% used [0x00000000eec00000,0x00000000ef0f8060,0x00000000ef100000)
  to   space 24576K, 0% used [0x00000000f4500000,0x00000000f4500000,0x00000000f5d00000)
 ParOldGen       total 87552K, used 52459K [0x00000000c0000000, 0x00000000c5580000, 0x00000000eab00000)
  object space 87552K, 59% used [0x00000000c0000000,0x00000000c333ac50,0x00000000c5580000)
 Metaspace       used 7261K, capacity 7626K, committed 7936K, reserved 1056768K
  class space    used 858K, capacity 957K, committed 1024K, reserved 1048576K
}
Event: 1.904 GC heap before
{Heap before GC invocations=6 (full 0):
 PSYoungGen      total 71680K, used 71648K [0x00000000eab00000, 0x00000000f5d00000, 0x0000000100000000)
  eden space 66560K, 100% used [0x00000000eab00000,0x00000000eec00000,0x00000000eec00000)
  from space 5120K, 99% used [0x00000000eec00000,0x00000000ef0f8060,0x00000000ef100000)
  to   space 24576K, 0% used [0x00000000f4500000,0x00000000f4500000,0x00000000f5d00000)
 ParOldGen       total 87552K, used 52459K [0x00000000c0000000, 0x00000000c5580000, 0x00000000eab00000)
  object space 87552K, 59% used [0x00000000c0000000,0x00000000c333ac50,0x00000000c5580000)
 Metaspace       used 7719K, capacity 8094K, committed 8320K, reserved 1056768K
  class space    used 914K, capacity 1025K, committed 1152K, reserved 1048576K
Event: 1.925 GC heap after
Heap after GC invocations=6 (full 0):
 PSYoungGen      total 157696K, used 18497K [0x00000000eab00000, 0x00000000f5d00000, 0x0000000100000000)
  eden space 133120K, 0% used [0x00000000eab00000,0x00000000eab00000,0x00000000f2d00000)
  from space 24576K, 75% used [0x00000000f4500000,0x00000000f57107c0,0x00000000f5d00000)
  to   space 24576K, 0% used [0x00000000f2d00000,0x00000000f2d00000,0x00000000f4500000)
 ParOldGen       total 87552K, used 52467K [0x00000000c0000000, 0x00000000c5580000, 0x00000000eab00000)
  object space 87552K, 59% used [0x00000000c0000000,0x00000000c333cc50,0x00000000c5580000)
 Metaspace       used 7719K, capacity 8094K, committed 8320K, reserved 1056768K
  class space    used 914K, capacity 1025K, committed 1152K, reserved 1048576K
}
Event: 3.173 GC heap before
{Heap before GC invocations=7 (full 0):
 PSYoungGen      total 157696K, used 151617K [0x00000000eab00000, 0x00000000f5d00000, 0x0000000100000000)
  eden space 133120K, 100% used [0x00000000eab00000,0x00000000f2d00000,0x00000000f2d00000)
  from space 24576K, 75% used [0x00000000f4500000,0x00000000f57107c0,0x00000000f5d00000)
  to   space 24576K, 0% used [0x00000000f2d00000,0x00000000f2d00000,0x00000000f4500000)
 ParOldGen       total 87552K, used 52467K [0x00000000c0000000, 0x00000000c5580000, 0x00000000eab00000)
  object space 87552K, 59% used [0x00000000c0000000,0x00000000c333cc50,0x00000000c5580000)
 Metaspace       used 12514K, capacity 13422K, committed 13696K, reserved 1060864K
  class space    used 1667K, capacity 1887K, committed 1920K, reserved 1048576K
Event: 3.217 GC heap after
Heap after GC invocations=7 (full 0):
 PSYoungGen      total 157696K, used 24545K [0x00000000eab00000, 0x00000000fef00000, 0x0000000100000000)
  eden space 133120K, 0% used [0x00000000eab00000,0x00000000eab00000,0x00000000f2d00000)
  from space 24576K, 99% used [0x00000000f2d00000,0x00000000f44f86d8,0x00000000f4500000)
  to   space 32768K, 0% used [0x00000000fcf00000,0x00000000fcf00000,0x00000000fef00000)
 ParOldGen       total 87552K, used 62022K [0x00000000c0000000, 0x00000000c5580000, 0x00000000eab00000)
  object space 87552K, 70% used [0x00000000c0000000,0x00000000c3c91958,0x00000000c5580000)
 Metaspace       used 12514K, capacity 13422K, committed 13696K, reserved 1060864K
  class space    used 1667K, capacity 1887K, committed 1920K, reserved 1048576K
}
Event: 3.731 GC heap before
{Heap before GC invocations=8 (full 0):
 PSYoungGen      total 157696K, used 157665K [0x00000000eab00000, 0x00000000fef00000, 0x0000000100000000)
  eden space 133120K, 100% used [0x00000000eab00000,0x00000000f2d00000,0x00000000f2d00000)
  from space 24576K, 99% used [0x00000000f2d00000,0x00000000f44f86d8,0x00000000f4500000)
  to   space 32768K, 0% used [0x00000000fcf00000,0x00000000fcf00000,0x00000000fef00000)
 ParOldGen       total 87552K, used 62022K [0x00000000c0000000, 0x00000000c5580000, 0x00000000eab00000)
  object space 87552K, 70% used [0x00000000c0000000,0x00000000c3c91958,0x00000000c5580000)
 Metaspace       used 13276K, capacity 14214K, committed 14336K, reserved 1060864K
  class space    used 1741K, capacity 1991K, committed 2048K, reserved 1048576K
Event: 3.776 GC heap after
Heap after GC invocations=8 (full 0):
 PSYoungGen      total 297472K, used 26131K [0x00000000eab00000, 0x00000000ff200000, 0x0000000100000000)
  eden space 264704K, 0% used [0x00000000eab00000,0x00000000eab00000,0x00000000fad80000)
  from space 32768K, 79% used [0x00000000fcf00000,0x00000000fe884c80,0x00000000fef00000)
  to   space 34304K, 0% used [0x00000000fad80000,0x00000000fad80000,0x00000000fcf00000)
 ParOldGen       total 87552K, used 62934K [0x00000000c0000000, 0x00000000c5580000, 0x00000000eab00000)
  object space 87552K, 71% used [0x00000000c0000000,0x00000000c3d75958,0x00000000c5580000)
 Metaspace       used 13276K, capacity 14214K, committed 14336K, reserved 1060864K
  class space    used 1741K, capacity 1991K, committed 2048K, reserved 1048576K
}

